Arguments: 
  /usr/local/share/nvm/versions/node/v19.7.0/bin/node /usr/share/yarn/bin/yarn.js add cors

PATH: 
  /usr/local/rvm/gems/ruby-3.1.3/bin:/usr/local/rvm/gems/ruby-3.1.3@global/bin:/usr/local/rvm/rubies/ruby-3.1.3/bin:/vscode/bin/linux-x64/92da9481c0904c6adfe372c12da3b7748d74bdcb/bin/remote-cli:/home/codespace/.local/bin:/home/codespace/.dotnet:/home/codespace/nvm/current/bin:/home/codespace/.php/current/bin:/home/codespace/.python/current/bin:/home/codespace/java/current/bin:/home/codespace/.ruby/current/bin:/home/codespace/.local/bin:/usr/local/oryx:/usr/local/go/bin:/go/bin:/usr/local/sdkman/bin:/usr/local/sdkman/candidates/java/current/bin:/usr/local/sdkman/candidates/gradle/current/bin:/usr/local/sdkman/candidates/maven/current/bin:/usr/local/sdkman/candidates/ant/current/bin:/usr/local/rvm/gems/default/bin:/usr/local/rvm/gems/default@global/bin:/usr/local/rvm/rubies/default/bin:/usr/local/share/rbenv/bin:/opt/conda/bin:/usr/local/php/current/bin:/usr/local/python/current/bin:/usr/local/py-utils/bin:/usr/local/nvs:/usr/local/share/nvm/versions/node/v19.7.0/bin:/usr/local/hugo/bin:/usr/local/dotnet/current:/usr/local/sbin:/usr/local/bin:/usr/sbin:/usr/bin:/sbin:/bin:/home/codespace/.dotnet/tools:/usr/local/rvm/bin

Yarn version: 
  1.22.19

Node version: 
  19.7.0

Platform: 
  linux x64

Trace: 
  Error: EACCES: permission denied, mkdir '/workspaces/WhatsApp-API/node_modules/abbrev'

npm manifest: 
  {
      "name": "whatsapp-api-nodejs",
      "version": "3.0.8",
      "description": "whatsapp-api-nodejs is builton top of Baileys-MD.",
      "main": "server.js",
      "scripts": {
          "start": "node src/server.js",
          "dev": "./node_modules/nodemon/bin/nodemon.js",
          "format:check": "prettier --check .",
          "format:write": "prettier --write .",
          "lint:check": "eslint .",
          "lint:fix": "eslint --fix .",
          "test": "mocha tests/*.test.js --exit",
          "configure-husky": "npx husky install && npx husky add .husky/pre-commit \"npx --no-install lint-staged\""
      },
      "husky": {
          "hooks": {
              "pre-commit": "lint-staged"
          }
      },
      "lint-staged": {
          "*.{js,jsx}": [
              "prettier --write",
              "git add"
          ],
          "*.{html,css,less,ejs}": [
              "prettier --write",
              "git add"
          ]
      },
      "repository": "git@github.com:salman0ansari/whatsapp-api-nodejs.git",
      "author": "Mohd Salman Ansari <salman0ansariii@gmail.com>",
      "license": "MIT",
      "dependencies": {
          "@adiwajshing/baileys": "^5.0.0",
          "axios": "^1.1.3",
          "dotenv": "^16.0.3",
          "ejs": "^3.1.7",
          "express": "^4.18.2",
          "express-exception-handler": "^1.3.23",
          "link-preview-js": "^3.0.0",
          "mongodb": "^5.1.0",
          "mongoose": "^7.0.1",
          "multer": "^1.4.5-lts.1",
          "pino": "^8.7.0",
          "qrcode": "^1.5.1",
          "sharp": "^0.31.3",
          "uuid": "^9.0.0",
          "cors": "^2.8.5"
      },
      "devDependencies": {
          "eslint": "^8.28.0",
          "eslint-config-prettier": "^8.5.0",
          "husky": "^8.0.2",
          "lint-staged": "^13.0.4",
          "mocha": "^10.1.0",
          "nodemon": "^2.0.20",
          "prettier": "^2.8.0",
          "supertest": "^6.3.1"
      }
  }

yarn manifest: 
  No manifest

Lockfile: 
  No lockfile
